<?xml version="1.0" encoding="UTF-8"?>
<robot generator="Robot 6.1.1 (Python 3.8.8 on win32)" generated="20231110 00:29:00.427" rpa="false" schemaversion="4">
<suite id="s1" name="Testsuite example" source="e:\VNPT\IPCam\AutomationTest\Automation_v1.0.1\Testsuites\Testsuite_example.robot">
<test id="s1-t1" name="SET_RECORD_EVENT" line="65">
<kw name="TEST CASE RECORD" library="Test_API">
<var>${ret}</var>
<arg>SET_RECORD_MODE_EVENT</arg>
<arg>SET</arg>
<arg>EVENT</arg>
<doc>start_time: start time for always_record with check_flag=1
end_time: end time for always_record with check_flag=1: only check result in [start:end] time
duration: (min) duration for always_record with check_flag=0: auto setup always record mode and check result
msgID: msg API for set schedule record
subMsgID: extension of msgID</doc>
<msg timestamp="20231110 00:29:00.541" level="INFO">TEST_CASE: SET_RECORD_MODE_EVENT</msg>
<msg timestamp="20231110 00:29:00.545" level="INFO">PPCS_GetAPIInformation: b'{\n"LibType":"c++",\n"LicenseReq":"Standard",\n"Version":"4.5.4.0",\n"BuiltDate":"Feb 18 2022 06:07:24",\n"MaxNumSess":256,\n"MaxNumCh":8,\n"SessAliveSec":6,\n"P2PPunchRange":3,\n"Initialized":"No"\n}'</msg>
<msg timestamp="20231110 00:29:00.547" level="INFO">PPCS_Initialize: 0</msg>
<msg timestamp="20231110 00:29:00.575" level="INFO">FlagHostResolved:   0x01</msg>
<msg timestamp="20231110 00:29:00.576" level="INFO">FlagInternet:       0x01</msg>
<msg timestamp="20231110 00:29:00.576" level="INFO">FlagServerHello:    0x01</msg>
<msg timestamp="20231110 00:29:00.576" level="INFO">NAT_Type:           0x03</msg>
<msg timestamp="20231110 00:29:00.576" level="INFO">MyLanIP:            b'10.2.204.21'</msg>
<msg timestamp="20231110 00:29:00.577" level="INFO">MyWanIP:            b'14.224.145.208'</msg>
<msg timestamp="20231110 00:29:00.577" level="INFO">PPCS_NetworkDetect: 0</msg>
<msg timestamp="20231110 00:29:00.754" level="INFO">EnableLanSearch: b'z'</msg>
<msg timestamp="20231110 00:29:00.755" level="INFO">PPCS_Connect: 1</msg>
<msg timestamp="20231110 00:29:00.756" level="INFO">PPCS_Check: 0</msg>
<msg timestamp="20231110 00:29:00.756" level="INFO">Skt:         904</msg>
<msg timestamp="20231110 00:29:00.756" level="INFO">RemoteAddr:  10.2.204.191:38229</msg>
<msg timestamp="20231110 00:29:00.757" level="INFO">MyLocalAddr: 10.2.204.21:13167</msg>
<msg timestamp="20231110 00:29:00.757" level="INFO">MyWanAddr:   14.224.145.208:21853</msg>
<msg timestamp="20231110 00:29:00.757" level="INFO">ConnectTime: 0</msg>
<msg timestamp="20231110 00:29:00.757" level="INFO">DID:         b'VNTTB-000112-XWMSP'</msg>
<msg timestamp="20231110 00:29:00.758" level="INFO">bCorD:       0x00</msg>
<msg timestamp="20231110 00:29:00.758" level="INFO">bMode:       0x00</msg>
<msg timestamp="20231110 00:29:00.758" level="INFO">INIT P2P done</msg>
<msg timestamp="20231110 00:29:00.758" level="INFO">MsgID Body:
{"user": "admin", "password": "sEcl6OB4"}</msg>
<msg timestamp="20231110 00:29:00.759" level="INFO">PPCS_Write: 49</msg>
<msg timestamp="20231110 00:29:01.266" level="INFO">TimeOut_ms:      3000</msg>
<msg timestamp="20231110 00:29:01.267" level="INFO">TimeOut_ms_1:    500</msg>
<msg timestamp="20231110 00:29:01.268" level="INFO">Retry:           30</msg>
<msg timestamp="20231110 00:29:01.268" level="INFO">Channel:         0</msg>
<msg timestamp="20231110 00:29:01.269" level="INFO">SessionID:       1</msg>
<msg timestamp="20231110 00:29:01.269" level="INFO">DataSize:        23</msg>
<msg timestamp="20231110 00:29:01.270" level="INFO">DataBuf:         &lt;PPCS_API.c_char_Array_2097152 object at 0x000001E7554069C0&gt;</msg>
<msg timestamp="20231110 00:29:01.270" level="INFO">PPCS_Read:       -3</msg>
<msg timestamp="20231110 00:29:01.270" level="INFO">res: b'{ "status": 0 }', Length: 15</msg>
<msg timestamp="20231110 00:29:01.271" level="INFO">===&gt; Result API 1111: 0</msg>
<msg timestamp="20231110 00:29:01.271" level="INFO">Turn off record before turn on mode EVENT_RECORD</msg>
<msg timestamp="20231110 00:29:01.271" level="INFO">MsgID Body:
{"record": -1}</msg>
<msg timestamp="20231110 00:29:01.272" level="INFO">PPCS_Write: 22</msg>
<msg timestamp="20231110 00:29:01.782" level="INFO">TimeOut_ms:      3000</msg>
<msg timestamp="20231110 00:29:01.783" level="INFO">TimeOut_ms_1:    500</msg>
<msg timestamp="20231110 00:29:01.783" level="INFO">Retry:           30</msg>
<msg timestamp="20231110 00:29:01.784" level="INFO">Channel:         0</msg>
<msg timestamp="20231110 00:29:01.784" level="INFO">SessionID:       1</msg>
<msg timestamp="20231110 00:29:01.785" level="INFO">DataSize:        23</msg>
<msg timestamp="20231110 00:29:01.785" level="INFO">DataBuf:         &lt;PPCS_API.c_char_Array_2097152 object at 0x000001E7554063C0&gt;</msg>
<msg timestamp="20231110 00:29:01.785" level="INFO">PPCS_Read:       -3</msg>
<msg timestamp="20231110 00:29:01.786" level="INFO">res: b'{ "status": 0 }', Length: 15</msg>
<msg timestamp="20231110 00:29:01.787" level="INFO">===&gt; Result API 1010: 0</msg>
<msg timestamp="20231110 00:29:03.794" level="INFO">Set record mode: EVENT</msg>
<msg timestamp="20231110 00:29:03.795" level="INFO">MsgID Body:
{"record": 2}</msg>
<msg timestamp="20231110 00:29:03.796" level="INFO">PPCS_Write: 21</msg>
<msg timestamp="20231110 00:29:04.297" level="INFO">TimeOut_ms:      3000</msg>
<msg timestamp="20231110 00:29:04.297" level="INFO">TimeOut_ms_1:    500</msg>
<msg timestamp="20231110 00:29:04.298" level="INFO">Retry:           30</msg>
<msg timestamp="20231110 00:29:04.298" level="INFO">Channel:         0</msg>
<msg timestamp="20231110 00:29:04.298" level="INFO">SessionID:       1</msg>
<msg timestamp="20231110 00:29:04.298" level="INFO">DataSize:        23</msg>
<msg timestamp="20231110 00:29:04.298" level="INFO">DataBuf:         &lt;PPCS_API.c_char_Array_2097152 object at 0x000001E7554069C0&gt;</msg>
<msg timestamp="20231110 00:29:04.299" level="INFO">PPCS_Read:       -3</msg>
<msg timestamp="20231110 00:29:04.299" level="INFO">res: b'{ "status": 0 }', Length: 15</msg>
<msg timestamp="20231110 00:29:04.299" level="INFO">===&gt; Result API 1010: 0</msg>
<msg timestamp="20231110 00:29:04.300" level="INFO">${ret} = 0</msg>
<status status="PASS" starttime="20231110 00:29:00.530" endtime="20231110 00:29:04.300"/>
</kw>
<kw name="Should Be True" library="BuiltIn">
<arg>${ret} &gt;= 0</arg>
<doc>Fails if the given condition is not true.</doc>
<status status="PASS" starttime="20231110 00:29:04.301" endtime="20231110 00:29:04.302"/>
</kw>
<status status="PASS" starttime="20231110 00:29:00.529" endtime="20231110 00:29:04.307"/>
</test>
<status status="PASS" starttime="20231110 00:29:00.441" endtime="20231110 00:29:04.314"/>
</suite>
<statistics>
<total>
<stat pass="1" fail="0" skip="0">All Tests</stat>
</total>
<tag>
</tag>
<suite>
<stat pass="1" fail="0" skip="0" id="s1" name="Testsuite example">Testsuite example</stat>
</suite>
</statistics>
<errors>
</errors>
</robot>
